C:\Users\JackyHuang\Documents\GitHub\20181030_AspNetCore2_Webpack4_Template\AspNetCore2_Webpack4_Template\wwwroot\webpackTest\webpack.common.js
C:\Users\JackyHuang\Documents\GitHub\20181030_AspNetCore2_Webpack4_Template\AspNetCore2_Webpack4_Template\wwwroot\webpackTest\webpack.common.js.map
C:\Users\JackyHuang\Documents\GitHub\20181030_AspNetCore2_Webpack4_Template\AspNetCore2_Webpack4_Template\wwwroot\webpackTest\webpack.dev.js
C:\Users\JackyHuang\Documents\GitHub\20181030_AspNetCore2_Webpack4_Template\AspNetCore2_Webpack4_Template\wwwroot\webpackTest\webpack.dev.js.map
C:\Users\JackyHuang\Documents\GitHub\20181030_AspNetCore2_Webpack4_Template\AspNetCore2_Webpack4_Template\wwwroot\webpackTest\server.js
C:\Users\JackyHuang\Documents\GitHub\20181030_AspNetCore2_Webpack4_Template\AspNetCore2_Webpack4_Template\wwwroot\webpackTest\server.js.map
C:\Users\JackyHuang\Documents\GitHub\20181030_AspNetCore2_Webpack4_Template\AspNetCore2_Webpack4_Template\wwwroot\webpackTest\webpack.dll.js
C:\Users\JackyHuang\Documents\GitHub\20181030_AspNetCore2_Webpack4_Template\AspNetCore2_Webpack4_Template\wwwroot\webpackTest\webpack.dll.js.map
C:\Users\JackyHuang\Documents\GitHub\20181030_AspNetCore2_Webpack4_Template\AspNetCore2_Webpack4_Template\wwwroot\webpackTest\webpack.prod.js
C:\Users\JackyHuang\Documents\GitHub\20181030_AspNetCore2_Webpack4_Template\AspNetCore2_Webpack4_Template\wwwroot\webpackTest\webpack.prod.js.map
C:\Users\JackyHuang\Documents\GitHub\20181030_AspNetCore2_Webpack4_Template\AspNetCore2_Webpack4_Template\wwwroot\webpackTest\ClientApp\js\index.js
C:\Users\JackyHuang\Documents\GitHub\20181030_AspNetCore2_Webpack4_Template\AspNetCore2_Webpack4_Template\wwwroot\webpackTest\ClientApp\js\index.js.map
C:\Users\JackyHuang\Documents\GitHub\20181030_AspNetCore2_Webpack4_Template\AspNetCore2_Webpack4_Template\wwwroot\webpackTest\ClientApp\js\print.js
C:\Users\JackyHuang\Documents\GitHub\20181030_AspNetCore2_Webpack4_Template\AspNetCore2_Webpack4_Template\wwwroot\webpackTest\ClientApp\js\print.js.map
C:\Users\JackyHuang\Documents\GitHub\20181030_AspNetCore2_Webpack4_Template\AspNetCore2_Webpack4_Template\wwwroot\webpackTest\ClientApp\js\index2.js
C:\Users\JackyHuang\Documents\GitHub\20181030_AspNetCore2_Webpack4_Template\AspNetCore2_Webpack4_Template\wwwroot\webpackTest\ClientApp\js\index2.js.map
C:\Users\JackyHuang\Documents\GitHub\20181030_AspNetCore2_Webpack4_Template\AspNetCore2_Webpack4_Template\wwwroot\webpackTest\ClientApp\js\multiFunc.js
C:\Users\JackyHuang\Documents\GitHub\20181030_AspNetCore2_Webpack4_Template\AspNetCore2_Webpack4_Template\wwwroot\webpackTest\ClientApp\js\multiFunc.js.map
C:\Users\JackyHuang\Documents\GitHub\20181030_AspNetCore2_Webpack4_Template\AspNetCore2_Webpack4_Template\wwwroot\webpackTest\wwwroot\js\site.js
C:\Users\JackyHuang\Documents\GitHub\20181030_AspNetCore2_Webpack4_Template\AspNetCore2_Webpack4_Template\wwwroot\webpackTest\wwwroot\js\site.js.map
C:\Users\JackyHuang\Documents\GitHub\20181030_AspNetCore2_Webpack4_Template\AspNetCore2_Webpack4_Template\wwwroot\webpackTest\wwwroot\vendor\dll.vendor.js
C:\Users\JackyHuang\Documents\GitHub\20181030_AspNetCore2_Webpack4_Template\AspNetCore2_Webpack4_Template\wwwroot\webpackTest\wwwroot\vendor\dll.vendor.js.map
C:\Users\JackyHuang\Documents\GitHub\20181030_AspNetCore2_Webpack4_Template\AspNetCore2_Webpack4_Template\wwwroot\webpackTest\wwwroot\lib\jquery-validation-unobtrusive\jquery.validate.unobtrusive.js
C:\Users\JackyHuang\Documents\GitHub\20181030_AspNetCore2_Webpack4_Template\AspNetCore2_Webpack4_Template\wwwroot\webpackTest\wwwroot\lib\jquery-validation-unobtrusive\jquery.validate.unobtrusive.js.map
C:\Users\JackyHuang\Documents\GitHub\20181030_AspNetCore2_Webpack4_Template\AspNetCore2_Webpack4_Template\wwwroot\webpackTest\wwwroot\lib\jquery\dist\jquery.js
C:\Users\JackyHuang\Documents\GitHub\20181030_AspNetCore2_Webpack4_Template\AspNetCore2_Webpack4_Template\wwwroot\webpackTest\wwwroot\lib\jquery\dist\jquery.js.map
C:\Users\JackyHuang\Documents\GitHub\20181030_AspNetCore2_Webpack4_Template\AspNetCore2_Webpack4_Template\wwwroot\webpackTest\wwwroot\lib\jquery-validation\dist\additional-methods.js
C:\Users\JackyHuang\Documents\GitHub\20181030_AspNetCore2_Webpack4_Template\AspNetCore2_Webpack4_Template\wwwroot\webpackTest\wwwroot\lib\jquery-validation\dist\additional-methods.js.map
C:\Users\JackyHuang\Documents\GitHub\20181030_AspNetCore2_Webpack4_Template\AspNetCore2_Webpack4_Template\wwwroot\webpackTest\wwwroot\lib\jquery-validation\dist\jquery.validate.js
C:\Users\JackyHuang\Documents\GitHub\20181030_AspNetCore2_Webpack4_Template\AspNetCore2_Webpack4_Template\wwwroot\webpackTest\wwwroot\lib\jquery-validation\dist\jquery.validate.js.map
C:\Users\JackyHuang\Documents\GitHub\20181030_AspNetCore2_Webpack4_Template\AspNetCore2_Webpack4_Template\wwwroot\webpackTest\wwwroot\lib\bootstrap\dist\js\bootstrap.js
C:\Users\JackyHuang\Documents\GitHub\20181030_AspNetCore2_Webpack4_Template\AspNetCore2_Webpack4_Template\wwwroot\webpackTest\wwwroot\lib\bootstrap\dist\js\bootstrap.js.map
C:\Users\JackyHuang\Documents\GitHub\20181030_AspNetCore2_Webpack4_Template\AspNetCore2_Webpack4_Template\wwwroot\webpackTest\wwwroot\lib\bootstrap\dist\js\npm.js
C:\Users\JackyHuang\Documents\GitHub\20181030_AspNetCore2_Webpack4_Template\AspNetCore2_Webpack4_Template\wwwroot\webpackTest\wwwroot\lib\bootstrap\dist\js\npm.js.map
